{
  "RSpec": {
    "coverage": {
      "/home/ec2-user/environment/selfeval/app/helpers/application_helper.rb": [
        1,
        null
      ],
      "/home/ec2-user/environment/selfeval/app/helpers/users_helper.rb": [
        1,
        null
      ],
      "/home/ec2-user/environment/selfeval/app/controllers/test_questions_controller.rb": [
        1,
        null,
        1,
        3,
        12,
        12,
        3,
        3,
        9,
        9,
        9,
        9,
        null,
        null,
        null,
        null,
        null
      ],
      "/home/ec2-user/environment/selfeval/app/controllers/application_controller.rb": [
        1,
        1,
        null,
        1,
        0,
        null,
        null,
        1,
        0,
        null,
        null
      ],
      "/home/ec2-user/environment/selfeval/app/models/question.rb": [
        1,
        null
      ],
      "/home/ec2-user/environment/selfeval/app/models/application_record.rb": [
        1,
        1,
        null
      ],
      "/home/ec2-user/environment/selfeval/app/mailers/application_mailer.rb": [
        0,
        0,
        0,
        0
      ],
      "/home/ec2-user/environment/selfeval/app/jobs/application_job.rb": [
        0,
        0
      ],
      "/home/ec2-user/environment/selfeval/app/models/user.rb": [
        0,
        0
      ],
      "/home/ec2-user/environment/selfeval/app/controllers/users_controller.rb": [
        0,
        0,
        null,
        null,
        null,
        0,
        0,
        0,
        null,
        null,
        null,
        0,
        0,
        null,
        null,
        0,
        0,
        0,
        null,
        null,
        0,
        0,
        null,
        null,
        null,
        0,
        0,
        null,
        0,
        0,
        0,
        0,
        0,
        0,
        0,
        0,
        0,
        0,
        null,
        null,
        null,
        0,
        0,
        0,
        0,
        0,
        0,
        0,
        0,
        0,
        0,
        0,
        null,
        null,
        null,
        0,
        0,
        0,
        0,
        0,
        0,
        0,
        null,
        0,
        null,
        0,
        0,
        0,
        null,
        null,
        0,
        0,
        0,
        0
      ],
      "/home/ec2-user/environment/selfeval/app/channels/application_cable/channel.rb": [
        0,
        0,
        0,
        0
      ],
      "/home/ec2-user/environment/selfeval/app/channels/application_cable/connection.rb": [
        0,
        0,
        0,
        0
      ]
    },
    "timestamp": 1521515130
  },
  "Cucumber Features": {
    "coverage": {
      "/home/ec2-user/environment/selfeval/app/models/question.rb": [
        1,
        null
      ],
      "/home/ec2-user/environment/selfeval/app/models/application_record.rb": [
        1,
        1,
        null
      ],
      "/home/ec2-user/environment/selfeval/app/controllers/test_questions_controller.rb": [
        1,
        null,
        1,
        3,
        12,
        12,
        3,
        1,
        3,
        3,
        3,
        3,
        null,
        null,
        null,
        null,
        null
      ],
      "/home/ec2-user/environment/selfeval/app/controllers/application_controller.rb": [
        1,
        1,
        null,
        1,
        0,
        null,
        null,
        1,
        0,
        null,
        null
      ],
      "/home/ec2-user/environment/selfeval/app/helpers/application_helper.rb": [
        1,
        null
      ],
      "/home/ec2-user/environment/selfeval/app/helpers/users_helper.rb": [
        1,
        null
      ],
      "/home/ec2-user/environment/selfeval/app/mailers/application_mailer.rb": [
        0,
        0,
        0,
        0
      ],
      "/home/ec2-user/environment/selfeval/app/jobs/application_job.rb": [
        0,
        0
      ],
      "/home/ec2-user/environment/selfeval/app/models/user.rb": [
        0,
        0
      ],
      "/home/ec2-user/environment/selfeval/app/controllers/users_controller.rb": [
        0,
        0,
        null,
        null,
        null,
        0,
        0,
        0,
        null,
        null,
        null,
        0,
        0,
        null,
        null,
        0,
        0,
        0,
        null,
        null,
        0,
        0,
        null,
        null,
        null,
        0,
        0,
        null,
        0,
        0,
        0,
        0,
        0,
        0,
        0,
        0,
        0,
        0,
        null,
        null,
        null,
        0,
        0,
        0,
        0,
        0,
        0,
        0,
        0,
        0,
        0,
        0,
        null,
        null,
        null,
        0,
        0,
        0,
        0,
        0,
        0,
        0,
        null,
        0,
        null,
        0,
        0,
        0,
        null,
        null,
        0,
        0,
        0,
        0
      ],
      "/home/ec2-user/environment/selfeval/app/channels/application_cable/channel.rb": [
        0,
        0,
        0,
        0
      ],
      "/home/ec2-user/environment/selfeval/app/channels/application_cable/connection.rb": [
        0,
        0,
        0,
        0
      ]
    },
    "timestamp": 1521515141
  }
}
